INFO:  2022/12/16 15:55:13 main.go:19: server is listening on: http://localhost:8080
INFO:  2022/12/16 16:00:26 main.go:19: server is listening on: http://localhost:8080
INFO:  2022/12/16 16:01:23 main.go:19: server is listening on: http://localhost:8080
INFO:  2022/12/16 16:01:51 main.go:19: server is listening on: http://localhost:8080
INFO:  2022/12/18 11:32:14 main.go:19: server is listening on: http://localhost:8080
INFO:  2022/12/18 11:32:21 main.go:19: server is listening on: http://localhost:8080
INFO:  2022/12/18 11:32:44 main.go:19: server is listening on: http://localhost:8080
INFO:  2022/12/18 11:33:36 main.go:19: server is listening on: http://localhost:8080
INFO:  2022/12/18 11:34:49 main.go:19: server is listening on: http://localhost:8080
INFO:  2022/12/18 11:34:54 main.go:19: server is listening on: http://localhost:8080
INFO:  2022/12/18 11:41:48 main.go:19: server is listening on: http://localhost:8080
INFO:  2022/12/18 16:46:26 main.go:19: server is listening on: http://localhost:8080
INFO:  2022/12/18 17:04:09 main.go:19: server is listening on: http://localhost:8080
INFO:  2022/12/18 17:04:18 main.go:19: server is listening on: http://localhost:8080
INFO:  2022/12/18 17:05:40 main.go:19: server is listening on: http://localhost:8080
INFO:  2022/12/18 17:08:20 main.go:19: server is listening on: http://localhost:8080
ERROR: 2022/12/18 17:08:38 artists.go:14: Only get method in h.Artist
INFO:  2022/12/18 17:10:23 main.go:19: server is listening on: http://localhost:8080
INFO:  2022/12/18 17:13:41 main.go:19: server is listening on: http://localhost:8080
INFO:  2022/12/18 17:18:14 main.go:19: server is listening on: http://localhost:8080
INFO:  2022/12/18 17:21:25 main.go:19: server is listening on: http://localhost:8080
INFO:  2022/12/18 17:30:08 main.go:24: server is listening on: http://localhost:8080
INFO:  2022/12/18 17:38:59 main.go:20: server is listening on: http://localhost:8080
INFO:  2022/12/18 17:48:19 main.go:20: server is listening on: http://localhost:8080
INFO:  2022/12/18 17:48:46 main.go:20: server is listening on: http://localhost:8080
INFO:  2022/12/18 17:48:56 main.go:20: server is listening on: http://localhost:8080
INFO:  2022/12/18 17:49:59 main.go:20: server is listening on: http://localhost:8080
INFO:  2022/12/18 17:50:20 main.go:20: server is listening on: http://localhost:8080
INFO:  2022/12/18 17:52:40 main.go:20: server is listening on: http://localhost:8080
INFO:  2022/12/18 17:55:28 main.go:20: server is listening on: http://localhost:8080
INFO:  2022/12/18 17:57:58 main.go:20: server is listening on: http://localhost:8080
INFO:  2022/12/18 18:00:52 main.go:20: server is listening on: http://localhost:8080
INFO:  2022/12/18 18:01:31 main.go:24: server is listening on: http://localhost:8080
INFO:  2022/12/18 18:02:35 main.go:20: server is listening on: http://localhost:8080
INFO:  2022/12/18 18:06:21 main.go:20: server is listening on: http://localhost:8080
INFO:  2022/12/18 18:08:24 main.go:20: server is listening on: http://localhost:8080
INFO:  2022/12/18 18:10:06 main.go:20: server is listening on: http://localhost:8080
INFO:  2022/12/18 18:12:04 main.go:20: server is listening on: http://localhost:8080
INFO:  2022/12/18 18:12:16 main.go:20: server is listening on: http://localhost:8080
INFO:  2022/12/18 18:13:19 main.go:20: server is listening on: http://localhost:8080
INFO:  2022/12/18 18:14:23 main.go:20: server is listening on: http://localhost:8080
INFO:  2022/12/18 18:25:28 main.go:20: server is listening on: http://localhost:8080
INFO:  2022/12/18 18:31:39 main.go:20: server is listening on: http://localhost:8080
INFO:  2022/12/18 18:37:02 main.go:20: server is listening on: http://localhost:8080
INFO:  2022/12/18 18:39:54 main.go:20: server is listening on: http://localhost:8080
INFO:  2022/12/18 19:01:57 main.go:20: server is listening on: http://localhost:8080
ERROR: 2022/12/18 19:02:32 concert.go:32: not accebtable id - 65
ERROR: 2022/12/18 19:02:32 artists.go:40: not accebtable id - 65
ERROR: 2022/12/18 19:02:46 artists.go:40: not accebtable id - 65
ERROR: 2022/12/18 19:12:41 artists.go:25: /api/artists/asd not found
ERROR: 2022/12/18 19:12:41 concert.go:21: /api/concerts/asd not found
INFO:  2022/12/18 19:21:45 main.go:20: server is listening on: http://localhost:8080
INFO:  2022/12/18 19:24:44 main.go:20: server is listening on: http://localhost:8080
