INFO:  2022/12/15 19:33:31 main.go:19: server is listening on: http://localhost:8080
INFO:  2022/12/15 19:35:51 main.go:19: server is listening on: http://localhost:8080
ERROR: 2022/12/15 19:36:40 artists.go:21: %s not found /api/artits/
ERROR: 2022/12/15 19:37:09 artists.go:21: %s not found /api/artits/
ERROR: 2022/12/15 19:37:10 artists.go:21: %s not found /api/artits/
ERROR: 2022/12/15 19:37:40 artists.go:13: Only get method in h.Artist
ERROR: 2022/12/15 19:37:44 artists.go:21: %s not found /api/artits/
INFO:  2022/12/15 19:38:12 main.go:19: server is listening on: http://localhost:8080
INFO:  2022/12/15 19:38:33 main.go:19: server is listening on: http://localhost:8080
INFO:  2022/12/15 19:39:55 main.go:19: server is listening on: http://localhost:8080
ERROR: 2022/12/15 19:39:57 artists.go:21: %s not found /api/artists/
INFO:  2022/12/15 19:41:39 main.go:19: server is listening on: http://localhost:8080
ERROR: 2022/12/15 19:41:40 artists.go:21: %s not found /api/artists/
INFO:  2022/12/15 19:42:02 main.go:19: server is listening on: http://localhost:8080
ERROR: 2022/12/15 19:42:03 artists.go:21: %s not found /api/artists/
INFO:  2022/12/15 19:43:11 main.go:19: server is listening on: http://localhost:8080
ERROR: 2022/12/15 19:43:13 artists.go:23: %s not found /api/artists/
INFO:  2022/12/15 19:43:52 main.go:19: server is listening on: http://localhost:8080
ERROR: 2022/12/15 19:43:54 artists.go:23: %s not found /api/artists/
INFO:  2022/12/15 19:44:01 main.go:19: server is listening on: http://localhost:8080
ERROR: 2022/12/15 19:44:02 artists.go:23: %s not found /api/artists/
INFO:  2022/12/15 19:44:23 main.go:19: server is listening on: http://localhost:8080
INFO:  2022/12/15 20:07:18 main.go:19: server is listening on: http://localhost:8080
INFO:  2022/12/15 20:40:49 main.go:19: server is listening on: http://localhost:8080
INFO:  2022/12/15 20:41:46 main.go:19: server is listening on: http://localhost:8080
INFO:  2022/12/15 20:43:25 main.go:19: server is listening on: http://localhost:8080
INFO:  2022/12/15 20:43:41 main.go:19: server is listening on: http://localhost:8080
INFO:  2022/12/15 20:44:19 main.go:19: server is listening on: http://localhost:8080
INFO:  2022/12/15 20:47:00 main.go:19: server is listening on: http://localhost:8080
INFO:  2022/12/15 20:55:24 main.go:19: server is listening on: http://localhost:8080
INFO:  2022/12/15 20:55:55 main.go:19: server is listening on: http://localhost:8080
ERROR: 2022/12/15 20:56:01 concert.go:20: /api/concerts/1 not found
INFO:  2022/12/15 20:56:17 main.go:19: server is listening on: http://localhost:8080
INFO:  2022/12/15 20:57:36 main.go:19: server is listening on: http://localhost:8080
INFO:  2022/12/15 21:00:10 main.go:19: server is listening on: http://localhost:8080
ERROR: 2022/12/15 21:00:12 concert.go:20: /api/concerts/ not found
ERROR: 2022/12/15 21:00:18 concert.go:31: not accebtable id - 65
ERROR: 2022/12/15 21:00:29 artists.go:39: not accebtable id - 65
INFO:  2022/12/16 15:53:39 main.go:19: server is listening on: http://localhost:8080
